Microsoft (R) Macro Assembler Version 14.16.27026.1	    04/26/19 18:10:53
Source.asm						     Page 1 - 1


				; Conway's Game of Life
				; by frank paschen :)

				INCLUDE Irvine32.inc
			      C ; Include file for Irvine32.lib             (Irvine32.inc)
			      C 
			      C ;OPTION CASEMAP:NONE		; optional: make identifiers case-sensitive
			      C 
			      C INCLUDE SmallWin.inc		; MS-Windows prototypes, structures, and constants
			      C .NOLIST
			      C .LIST
			      C 
			      C INCLUDE VirtualKeys.inc
			      C ; VirtualKeys.inc
			      C .NOLIST
			      C .LIST
			      C 
			      C 
			      C .NOLIST
			      C .LIST
			      C 
				.386
				.model flat,stdcall
Source.asm(6) : warning A4011:multiple .MODEL directives found : .MODEL ignored
				.stack 4096
				ExitProcess proto,dwExitCode:dword

 00000000			.data
 00000000 47 45 4E 45 52		genMsg BYTE "GENERATION #", 0
	   41 54 49 4F 4E
	   20 23 00
 0000000D 00				genCount SBYTE 0

					; Main game board array that will be drawn to the console
 0000000E  00000014 [			GameBoard BYTE 20 DUP(0)
	    00
	   ]
 00000022 = 00000014			Rowsize = ($ - GameBoard)
 00000022  00000014 [					  BYTE 20 DUP(0)
	    00
	   ]
 00000036  00000014 [					  BYTE 20 DUP(0)
	    00
	   ]
 0000004A  00000014 [					  BYTE 20 DUP(0)
	    00
	   ]
 0000005E  00000014 [					  BYTE 20 DUP(0)
	    00
	   ]
 00000072  00000014 [					  BYTE 20 DUP(0)
	    00
	   ]
 00000086  00000014 [					  BYTE 20 DUP(0)
	    00
	   ]
 0000009A  00000014 [					  BYTE 20 DUP(0)
	    00
	   ]
 000000AE  00000014 [					  BYTE 20 DUP(0)
	    00
	   ]
 000000C2  00000014 [					  BYTE 20 DUP(0)
	    00
	   ]
 000000D6  00000014 [					  BYTE 20 DUP(0)
	    00
	   ]
 000000EA  00000014 [					  BYTE 20 DUP(0)
	    00
	   ]
 000000FE  00000014 [					  BYTE 20 DUP(0)
	    00
	   ]
 00000112  00000014 [					  BYTE 20 DUP(0)
	    00
	   ]
 00000126  00000014 [					  BYTE 20 DUP(0)
	    00
	   ]
 0000013A  00000014 [					  BYTE 20 DUP(0)
	    00
	   ]
 0000014E  00000014 [					  BYTE 20 DUP(0)
	    00
	   ]
 00000162  00000014 [					  BYTE 20 DUP(0)
	    00
	   ]
 00000176  00000014 [					  BYTE 20 DUP(0)
	    00
	   ]
 0000018A  00000014 [					  BYTE 20 DUP(0)
	    00
	   ]

				;-----------------------------------------------------
				; CalculateGeneration
				;
				; Calculates next game board based on game's rules
				; Called each gamestep
				; Receives: N/A
				;
				; Returns: N/A
				;-----------------------------------------------------
 0000019E 00			cellState BYTE 0	; 1 or 0, living or dead
 0000019F 00000000		yCoord4 DWORD 0
 000001A3 00000000		xCoord4 DWORD 0
 000001A7 00000000		count4 DWORD 0
 000001AB 00000000		liveCount2 DWORD 0
 00000000			.code
 00000000			CalculateGeneration PROC

					; copy the gameboard to the backup board

					; LOOP
						; 1. Iterate through the board and calculate the # of living neighbors for each cell
						; 2. Implement GoL rules and update the backup board based on the # of living neighbors
					; Copy the backup board into the gameboard
 00000000  B9 00000014			mov ecx, 20

 00000005				L1:
 00000005  89 0D 000001A7 R			mov count4, ecx
 0000000B  B9 00000014				mov ecx, 20
 00000010					L2:

 00000010  8B 15 0000019F R				mov edx, yCoord4 ; y
 00000016  A1 000001A3 R				mov eax, xCoord4 ; x
							;call GetValueAtCoords ; result stored in al
							;mov cellState, al	; used for implementing rules

 0000001B  E8 0000002A					call CalcLivingNeighbors
 00000020  E8 00000000 E				call DumpRegs
							;mov liveCount2, ebx


 00000025  FF 05 000001A3 R				inc xCoord4
 0000002B  E2 E3				loop L2
 0000002D  8B 0D 000001A7 R				mov ecx, count4
 00000033  E2 D0			loop L1
					
 00000035  C7 05 0000019F R		mov yCoord4, 0
	   00000000
 0000003F  C7 05 000001A3 R		mov xCoord4, 0
	   00000000

 00000049  C3				ret
 0000004A			CalculateGeneration ENDP

				; eax = x, edx = y
 000001AF			.data
 000001AF 00			liveCount BYTE 0	; stores # of living neighbors for each cell
 000001B0 00000000		originalX DWORD 0
 000001B4 00000000		originalY DWORD 0
 0000004A			.code
 0000004A			CalcLivingNeighbors PROC
 0000004A  BB 00000000			mov ebx, 0
 0000004F  A3 000001B0 R		mov originalX, eax
 00000054  89 15 000001B4 R		mov originalY, edx

					
 0000005A  A1 000001B0 R		mov eax, originalX
 0000005F  8B 15 000001B4 R		mov edx, originalY
 00000065  E8 000000E7			call GetBottomLeft
					.IF (al == 0) || (al == 1)
 0000006A  0A C0	   *	    or	al, al
 0000006C  74 04	   *	    je	@C0002
 0000006E  3C 01	   *	    cmp    al, 001h
 00000070  75 06	   *	    jne    @C0001
 00000072		   *@C0002:
 00000072  00 05 000001AF R			add liveCount, al
					.ENDIF
 00000078		   *@C0001:

 00000078  A1 000001B0 R		mov eax, originalX
 0000007D  8B 15 000001B4 R		mov edx, originalY
 00000083  E8 000000D3			call GetBottomCenter
					.IF (al == 0) || (al == 1)
 00000088  0A C0	   *	    or	al, al
 0000008A  74 04	   *	    je	@C0005
 0000008C  3C 01	   *	    cmp    al, 001h
 0000008E  75 06	   *	    jne    @C0004
 00000090		   *@C0005:
 00000090  00 05 000001AF R			add liveCount, al
					.ENDIF
 00000096		   *@C0004:

 00000096  A1 000001B0 R		mov eax, originalX
 0000009B  8B 15 000001B4 R		mov edx, originalY
 000000A1  E8 000000BC			call GetBottomRight
					.IF (al == 0) || (al == 1)
 000000A6  0A C0	   *	    or	al, al
 000000A8  74 04	   *	    je	@C0008
 000000AA  3C 01	   *	    cmp    al, 001h
 000000AC  75 06	   *	    jne    @C0007
 000000AE		   *@C0008:
 000000AE  00 05 000001AF R			add liveCount, al
					.ENDIF
 000000B4		   *@C0007:

 000000B4  A1 000001B0 R		mov eax, originalX
 000000B9  8B 15 000001B4 R		mov edx, originalY
 000000BF  E8 000000AF			call GetRight
					.IF (al == 0) || (al == 1)
 000000C4  0A C0	   *	    or	al, al
 000000C6  74 04	   *	    je	@C000B
 000000C8  3C 01	   *	    cmp    al, 001h
 000000CA  75 06	   *	    jne    @C000A
 000000CC		   *@C000B:
 000000CC  00 05 000001AF R			add liveCount, al
					.ENDIF
 000000D2		   *@C000A:

 000000D2  A1 000001B0 R		mov eax, originalX
 000000D7  8B 15 000001B4 R		mov edx, originalY
 000000DD  E8 00000088			call GetLeft
					.IF (al == 0) || (al == 1)
 000000E2  0A C0	   *	    or	al, al
 000000E4  74 04	   *	    je	@C000E
 000000E6  3C 01	   *	    cmp    al, 001h
 000000E8  75 06	   *	    jne    @C000D
 000000EA		   *@C000E:
 000000EA  00 05 000001AF R			add liveCount, al
					.ENDIF
 000000F0		   *@C000D:

 000000F0  A1 000001B0 R		mov eax, originalX
 000000F5  8B 15 000001B4 R		mov edx, originalY
 000000FB  E8 0000007A			call GetTopLeft
					.IF (al == 0) || (al == 1)
 00000100  0A C0	   *	    or	al, al
 00000102  74 04	   *	    je	@C0011
 00000104  3C 01	   *	    cmp    al, 001h
 00000106  75 06	   *	    jne    @C0010
 00000108		   *@C0011:
 00000108  00 05 000001AF R			add liveCount, al
					.ENDIF
 0000010E		   *@C0010:

 0000010E  A1 000001B0 R		mov eax, originalX
 00000113  8B 15 000001B4 R		mov edx, originalY
 00000119  E8 00000068			call GetTopCenter
					.IF (al == 0) || (al == 1)
 0000011E  0A C0	   *	    or	al, al
 00000120  74 04	   *	    je	@C0014
 00000122  3C 01	   *	    cmp    al, 001h
 00000124  75 06	   *	    jne    @C0013
 00000126		   *@C0014:
 00000126  00 05 000001AF R			add liveCount, al
					.ENDIF
 0000012C		   *@C0013:

 0000012C  A1 000001B0 R		mov eax, originalX
 00000131  8B 15 000001B4 R		mov edx, originalY
 00000137  E8 00000053			call GetTopRight
					.IF (al == 0) || (al == 1)
 0000013C  0A C0	   *	    or	al, al
 0000013E  74 04	   *	    je	@C0017
 00000140  3C 01	   *	    cmp    al, 001h
 00000142  75 06	   *	    jne    @C0016
 00000144		   *@C0017:
 00000144  00 05 000001AF R			add liveCount, al
					.ENDIF
 0000014A		   *@C0016:


 0000014A  8B 1D 000001AF R		mov ebx, DWORD PTR liveCount

 00000150  C3				ret
 00000151			CalcLivingNeighbors ENDP

				; receives edx=y eax=x 
				; returns al
 00000151			.code
 00000151			GetBottomLeft PROC
 00000151  48				dec eax
 00000152  78 06			js L1
 00000154  42				inc edx
 00000155  E8 00000148			call GetValueAtCoords

 0000015A				L1:
 0000015A  C3				ret
 0000015B			GetBottomLeft ENDP

 0000015B			GetBottomCenter PROC
 0000015B  42				inc edx
 0000015C  E8 00000141			call GetValueAtCoords
 00000161  C3				ret
 00000162			GetBottomCenter ENDP

 00000162			GetBottomRight PROC
 00000162  40				inc eax
 00000163  42				inc edx
 00000164  E8 00000139			call GetValueAtCoords
 00000169  C3				ret
 0000016A			GetBottomRight ENDP

 0000016A			GetLeft PROC
 0000016A  48				dec eax
 0000016B  78 05			js L1	; return if eax is negative (moving off the gameboard)
 0000016D  E8 00000130			call GetValueAtCoords
 00000172				L1:
 00000172  C3				ret
 00000173			GetLeft ENDP

 00000173			GetRight PROC
 00000173  40				inc eax
 00000174  E8 00000129			call GetValueAtCoords
 00000179  C3				ret
 0000017A			GetRight ENDP

 0000017A			GetTopLeft PROC
 0000017A  48				dec eax
 0000017B  78 08			js L1
 0000017D  4A				dec edx
 0000017E  78 05			js L1
 00000180  E8 0000011D			call GetValueAtCoords
					
 00000185				L1:
 00000185  C3				ret
 00000186			GetTopLeft ENDP

 00000186			GetTopCenter PROC
 00000186  4A				dec edx
 00000187  78 05			js L1
 00000189  E8 00000114			call GetValueAtCoords
 0000018E				L1:
 0000018E  C3				ret
 0000018F			GetTopCenter ENDP

 0000018F			GetTopRight PROC
 0000018F  40				inc eax
 00000190  4A				dec edx
 00000191  78 05			js L1
 00000193  E8 0000010A			call GetValueAtCoords

 00000198				L1:
 00000198  C3				ret
 00000199			GetTopRight ENDP

				;-----------------------------------------------------
				; GenRandomBoard
				;
				; Sets random cells in the gameboard to living or dead.
				; Called before first generation
				; Receives: N/A
				;
				; Returns: N/A
				;-----------------------------------------------------
 000001B8			.data
 000001B8 00000000			yCoord3 DWORD 0
 000001BC 00000000			xCoord3 DWORD 0
 000001C0 00000000			count3 DWORD 0
 000001C4 00000000			randVal DWORD 0
 00000199			.code
 00000199			GenRandomBoard PROC
 00000199  B9 00000014			mov ecx, 20

 0000019E				L1:	; outer loop
 0000019E  89 0D 000001C0 R			mov count3, ecx
 000001A4  B9 00000014				mov ecx, 20
 000001A9					L2: ; inner loop

 000001A9  8B 15 000001B8 R				mov edx, yCoord3	; y
 000001AF  A1 000001BC R				mov eax, xCoord3 ; x

							; preserve eax to use RandomRange
 000001B4  50						push eax
 000001B5  B8 00000002					mov eax, 2

 000001BA  E8 00000000 E				call RandomRange
 000001BF  A3 000001C4 R				mov randVal, eax
 000001C4  58						pop eax

							.IF randVal > 0
 000001C5  83 3D 000001C4 R
	   00		   *	    cmp    randVal, 000h
 000001CC  76 05	   *	    jbe    @C0019
 000001CE  E8 000000FC						call InvertValueAtCoords
							.ENDIF
 000001D3		   *@C0019:

 000001D3  E8 000000CA					call GetValueAtCoords

 000001D8  FF 05 000001BC R				inc xCoord3
 000001DE  E2 C9				loop L2
 000001E0  8B 0D 000001C0 R				mov ecx, count3
 000001E6  E2 B6			loop L1
					
 000001E8  C7 05 000001B8 R		mov yCoord3, 0
	   00000000
 000001F2  C7 05 000001BC R		mov xCoord3, 0
	   00000000

 000001FC  C3				ret
 000001FD			GenRandomBoard ENDP
				;-----------------------------------------------------
				; DrawGameBoard
				;
				; Uses cursor to print the gameboard to the console.
				; Called immediately after CalculateGeneration
				; Receives: N/A
				;
				; Returns: N/A
				;-----------------------------------------------------

 000001C8			.data
 000001C8 00000000			yCoord DWORD 0
 000001CC 00000000			xCoord DWORD 0
 000001D0 00000000			count DWORD 0
 000001D4 00				temp BYTE ?
 000001FD			.code
 000001FD			DrawGameBoard PROC
 000001FD  E8 00000000 E		call Clrscr
 00000202  E8 00000000 E		call Crlf
 00000207  B9 00000014			mov ecx, 20

 0000020C				L1:	; outer loop
 0000020C  89 0D 000001D0 R			mov count, ecx
 00000212  B9 00000014				mov ecx, 20
 00000217					L2: ; inner loop

 00000217  8B 15 000001C8 R				mov edx, yCoord	; y
 0000021D  A1 000001CC R				mov eax, xCoord	; x

 00000222  E8 0000007B					call GetValueAtCoords
							
							; TODO: Color these, possible find better ASCII characters
 00000227  A2 000001D4 R				mov temp, al
							.IF temp == 0
 0000022C  80 3D 000001D4 R
	   00		   *	    cmp    temp, 000h
 00000233  75 04	   *	    jne    @C001B
 00000235  B0 B2						mov al, 178
							.ELSEIF temp == 1
 00000237  EB 0B	   *	    jmp    @C001D
 00000239		   *@C001B:
 00000239  80 3D 000001D4 R
	   01		   *	    cmp    temp, 001h
 00000240  75 02	   *	    jne    @C001E
 00000242  B0 B0						mov al, 176
							.ENDIF
 00000244		   *@C001E:
 00000244		   *@C001D:

 00000244  E8 00000000 E				call WriteChar

 00000249  FF 05 000001CC R				inc xCoord

 0000024F  E2 C6				loop L2
 00000251  8B 0D 000001D0 R				mov ecx, count
 00000257  E8 00000000 E				call Crlf
 0000025C  E2 AE			loop L1

 0000025E  C7 05 000001C8 R		mov yCoord, 0
	   00000000
 00000268  C7 05 000001CC R		mov xCoord, 0
	   00000000
					
 00000272  C3				ret
 00000273			DrawGameBoard ENDP
				;-----------------------------------------------------
				; IncrementGeneration
				;
				; Prints and increments the generation count.
				; Called immediately after CalculateGeneration
				; Receives: N/A
				;
				; Returns: N/A
				;-----------------------------------------------------
 00000273			IncrementGeneration PROC USES eax edx
 00000273  50		   *	    push   eax
 00000274  52		   *	    push   edx
 00000275  B8 00000000			mov eax, 0
					; increment gen count
 0000027A  FE 05 0000000D R		inc genCount
					; move cursor to top left
 00000280  B6 00			mov dh, 0	; Y
 00000282  B2 00			mov dl, 0	; X
 00000284  E8 00000000 E		call Gotoxy
					; print Generation #:
 00000289  BA 00000000 R		mov edx, OFFSET genMsg
 0000028E  E8 00000000 E		call WriteString      
					; print actual gen count
 00000293  A0 0000000D R		mov al, genCount
 00000298  B4 00			mov ah, 0

 0000029A  E8 00000000 E		call WriteDec

					ret
 0000029F  5A		   *	    pop    edx
 000002A0  58		   *	    pop    eax
 000002A1  C3		   *	    ret    00000h
 000002A2			IncrementGeneration ENDP
				;-----------------------------------------------------
				; GetValueAtCoords
				;
				; Returns value found at index in gameboard.
				; Receives: edx = y coordinate
				;			eax = x coordinate
				; 
				; Returns: al = value at coordinates in array (zero indexed)
				;-----------------------------------------------------
 000001D5			.data
 000001D5 00000000			yIndex DWORD ?
 000001D9 00000000			xIndex DWORD ?
 000002A2			.code
 000002A2			GetValueAtCoords PROC USES esi ebx
 000002A2  56		   *	    push   esi
 000002A3  53		   *	    push   ebx
 000002A4  89 15 000001D5 R		mov yIndex, edx
 000002AA  A3 000001D9 R		mov xIndex, eax

					; store array offset in memory
 000002AF  BB 0000000E R		mov ebx, OFFSET GameBoard ; table offset
					; multiply RowSize and y coordinate
 000002B4  B8 00000014			mov eax, RowSize
 000002B9  F7 25 000001D5 R		mul yIndex	; result of AL * DH stored in EAX
 000002BF  03 D8			add ebx, eax ; row offset
					; add offset and x coordinate to get [X,Y] in array
 000002C1  8B 35 000001D9 R		mov esi, xIndex
 000002C7  B4 00			mov ah, 0	; clear top half of reg NOTE: ONLY NECESSARY FOR WRITEINT PROC. We can just test al for other purposes
 000002C9  8A 04 33			mov al, [ebx + esi] ; al = result

					ret
 000002CC  5B		   *	    pop    ebx
 000002CD  5E		   *	    pop    esi
 000002CE  C3		   *	    ret    00000h
 000002CF			GetValueAtCoords ENDP

				;-----------------------------------------------------
				; GetValueAtCoords
				;
				; Inverts value found at index in gameboard.
				; Receives: edx = y coordinate
				;			eax = x coordinate
				; 
				; Returns: N/A
				;-----------------------------------------------------
 000001DD			.data
 000001DD 00000000			yIndex2 DWORD ?
 000001E1 00000000			xIndex2 DWORD ?
 000002CF			.code
 000002CF			InvertValueAtCoords PROC USES edx eax ebx
 000002CF  52		   *	    push   edx
 000002D0  50		   *	    push   eax
 000002D1  53		   *	    push   ebx
 000002D2  89 15 000001DD R		mov yIndex2, edx
 000002D8  A3 000001E1 R		mov xIndex2, eax

					; same exact thing as GetValueAtCoords
 000002DD  BB 0000000E R		mov ebx, OFFSET GameBoard
 000002E2  B8 00000014			mov eax, RowSize
 000002E7  F7 25 000001DD R		mul yIndex2
 000002ED  03 D8			add ebx, eax
 000002EF  8B 35 000001E1 R		mov esi, xIndex2
 000002F5  B4 00			mov ah, 0
 000002F7  8A 04 33			mov al, [ebx + esi]

					; invert last bit in AL
					; couldnt figure out a better way to do this
					.IF al == 0001h
 000002FA  3C 01	   *	    cmp    al, 001h
 000002FC  75 04	   *	    jne    @C0020
 000002FE  B0 00				mov al, 0000
					.ELSEIF al == 0000h
 00000300  EB 06	   *	    jmp    @C0022
 00000302		   *@C0020:
 00000302  0A C0	   *	    or	al, al
 00000304  75 02	   *	    jne    @C0023
 00000306  B0 01				mov al, 0001h
					.ENDIF
 00000308		   *@C0023:
 00000308		   *@C0022:
					
					; move the new value to the array
 00000308  88 04 33			mov [ebx+esi], al
					ret
 0000030B  5B		   *	    pop    ebx
 0000030C  58		   *	    pop    eax
 0000030D  5A		   *	    pop    edx
 0000030E  C3		   *	    ret    00000h
 0000030F			InvertValueAtCoords ENDP
				;-----------------------------------------------------
				; main
				;
				; manages timing and procedure calls 
				;-----------------------------------------------------

 0000030F			.code
 0000030F			main PROC
					; randomize seed and generate a starting board
 0000030F  E8 00000000 E		call Randomize
 00000314  E8 FFFFFE80			call GenRandomBoard

					;mov ecx, 1000	; game will run for 1000 generations
					;L1:
						
						;call CalculateGeneration
 00000319  E8 FFFFFF55				call IncrementGeneration

 0000031E  E8 FFFFFEDA				call DrawGameBoard
 00000323  B8 00000000				mov eax, 0
 00000328  BA 00000002				mov edx, 2
 0000032D  E8 FFFFFD18				call CalcLivingNeighbors
 00000332  E8 00000000 E			call DumpRegs


						;mov eax, 2000	; 200 ms delay between generations
						;call Delay		
					;loop L1

					invoke ExitProcess,0
 00000337  6A 00	   *	    push   +000000000h
 00000339  E8 00000000 E   *	    call   ExitProcess
 0000033E			main endp
				end main
Microsoft (R) Macro Assembler Version 14.16.27026.1	    04/26/19 18:10:53
Source.asm						     Symbols 2 - 1




Structures and Unions:

                N a m e                  Size
                                         Offset      Type

CONSOLE_CURSOR_INFO  . . . . . .	 00000008
  dwSize . . . . . . . . . . . .	 00000000	 DWord
  bVisible . . . . . . . . . . .	 00000004	 DWord
CONSOLE_SCREEN_BUFFER_INFO . . .	 00000016
  dwSize . . . . . . . . . . . .	 00000000	 DWord
  dwCursorPosition . . . . . . .	 00000004	 DWord
  wAttributes  . . . . . . . . .	 00000008	 Word
  srWindow . . . . . . . . . . .	 0000000A	 QWord
  dwMaximumWindowSize  . . . . .	 00000012	 DWord
COORD  . . . . . . . . . . . . .	 00000004
  X  . . . . . . . . . . . . . .	 00000000	 Word
  Y  . . . . . . . . . . . . . .	 00000002	 Word
FILETIME . . . . . . . . . . . .	 00000008
  loDateTime . . . . . . . . . .	 00000000	 DWord
  hiDateTime . . . . . . . . . .	 00000004	 DWord
FOCUS_EVENT_RECORD . . . . . . .	 00000004
  bSetFocus  . . . . . . . . . .	 00000000	 DWord
FPU_ENVIRON  . . . . . . . . . .	 0000001C
  controlWord  . . . . . . . . .	 00000000	 Word
  statusWord . . . . . . . . . .	 00000004	 Word
  tagWord  . . . . . . . . . . .	 00000008	 Word
  instrPointerOffset . . . . . .	 0000000C	 DWord
  instrPointerSelector . . . . .	 00000010	 DWord
  operandPointerOffset . . . . .	 00000014	 DWord
  operandPointerSelector . . . .	 00000018	 Word
INPUT_RECORD . . . . . . . . . .	 00000014
  EventType  . . . . . . . . . .	 00000000	 Word
  Event  . . . . . . . . . . . .	 00000004	 XmmWord
  bKeyDown . . . . . . . . . . .	 00000000	 DWord
  wRepeatCount . . . . . . . . .	 00000004	 Word
  wVirtualKeyCode  . . . . . . .	 00000006	 Word
  wVirtualScanCode . . . . . . .	 00000008	 Word
  uChar  . . . . . . . . . . . .	 0000000A	 Word
  UnicodeChar  . . . . . . . . .	 00000000	 Word
  AsciiChar  . . . . . . . . . .	 00000000	 Byte
  dwControlKeyState  . . . . . .	 0000000C	 DWord
  dwMousePosition  . . . . . . .	 00000000	 DWord
  dwButtonState  . . . . . . . .	 00000004	 DWord
  dwMouseControlKeyState . . . .	 00000008	 DWord
  dwEventFlags . . . . . . . . .	 0000000C	 DWord
  dwSize . . . . . . . . . . . .	 00000000	 DWord
  dwCommandId  . . . . . . . . .	 00000000	 DWord
  bSetFocus  . . . . . . . . . .	 00000000	 DWord
KEY_EVENT_RECORD . . . . . . . .	 00000010
  bKeyDown . . . . . . . . . . .	 00000000	 DWord
  wRepeatCount . . . . . . . . .	 00000004	 Word
  wVirtualKeyCode  . . . . . . .	 00000006	 Word
  wVirtualScanCode . . . . . . .	 00000008	 Word
  uChar  . . . . . . . . . . . .	 0000000A	 Word
  UnicodeChar  . . . . . . . . .	 00000000	 Word
  AsciiChar  . . . . . . . . . .	 00000000	 Byte
  dwControlKeyState  . . . . . .	 0000000C	 DWord
MENU_EVENT_RECORD  . . . . . . .	 00000004
  dwCommandId  . . . . . . . . .	 00000000	 DWord
MOUSE_EVENT_RECORD . . . . . . .	 00000010
  dwMousePosition  . . . . . . .	 00000000	 DWord
  dwButtonState  . . . . . . . .	 00000004	 DWord
  dwMouseControlKeyState . . . .	 00000008	 DWord
  dwEventFlags . . . . . . . . .	 0000000C	 DWord
SMALL_RECT . . . . . . . . . . .	 00000008
  Left . . . . . . . . . . . . .	 00000000	 Word
  Top  . . . . . . . . . . . . .	 00000002	 Word
  Right  . . . . . . . . . . . .	 00000004	 Word
  Bottom . . . . . . . . . . . .	 00000006	 Word
SYSTEMTIME . . . . . . . . . . .	 00000010
  wYear  . . . . . . . . . . . .	 00000000	 Word
  wMonth . . . . . . . . . . . .	 00000002	 Word
  wDayOfWeek . . . . . . . . . .	 00000004	 Word
  wDay . . . . . . . . . . . . .	 00000006	 Word
  wHour  . . . . . . . . . . . .	 00000008	 Word
  wMinute  . . . . . . . . . . .	 0000000A	 Word
  wSecond  . . . . . . . . . . .	 0000000C	 Word
  wMilliseconds  . . . . . . . .	 0000000E	 Word
WINDOW_BUFFER_SIZE_RECORD  . . .	 00000004
  dwSize . . . . . . . . . . . .	 00000000	 DWord


Segments and Groups:

                N a m e                 Size     Length   Align   Combine Class

FLAT . . . . . . . . . . . . . .	GROUP
STACK  . . . . . . . . . . . . .	32 Bit	 00001000 Para	  Stack	  'STACK'	 
_DATA  . . . . . . . . . . . . .	32 Bit	 000001E5 Para	  Public  'DATA'	
_TEXT  . . . . . . . . . . . . .	32 Bit	 0000033E Para	  Public  'CODE'	


Procedures, parameters, and locals:

                N a m e                 Type     Value    Attr

CalcLivingNeighbors  . . . . . .	P Near	 0000004A _TEXT	Length= 00000107 Public STDCALL
CalculateGeneration  . . . . . .	P Near	 00000000 _TEXT	Length= 0000004A Public STDCALL
  L1 . . . . . . . . . . . . . .	L Near	 00000005 _TEXT	
  L2 . . . . . . . . . . . . . .	L Near	 00000010 _TEXT	
CloseFile  . . . . . . . . . . .	P Near	 00000000 FLAT	Length= 00000000 External STDCALL
CloseHandle  . . . . . . . . . .	P Near	 00000000 FLAT	Length= 00000000 External STDCALL
Clrscr . . . . . . . . . . . . .	P Near	 00000000 FLAT	Length= 00000000 External STDCALL
CreateFileA  . . . . . . . . . .	P Near	 00000000 FLAT	Length= 00000000 External STDCALL
CreateOutputFile . . . . . . . .	P Near	 00000000 FLAT	Length= 00000000 External STDCALL
Crlf . . . . . . . . . . . . . .	P Near	 00000000 FLAT	Length= 00000000 External STDCALL
Delay  . . . . . . . . . . . . .	P Near	 00000000 FLAT	Length= 00000000 External STDCALL
DrawGameBoard  . . . . . . . . .	P Near	 000001FD _TEXT	Length= 00000076 Public STDCALL
  L1 . . . . . . . . . . . . . .	L Near	 0000020C _TEXT	
  L2 . . . . . . . . . . . . . .	L Near	 00000217 _TEXT	
DumpMem  . . . . . . . . . . . .	P Near	 00000000 FLAT	Length= 00000000 External STDCALL
DumpRegs . . . . . . . . . . . .	P Near	 00000000 FLAT	Length= 00000000 External STDCALL
ExitProcess  . . . . . . . . . .	P Near	 00000000 FLAT	Length= 00000000 External STDCALL
FileTimeToDosDateTime  . . . . .	P Near	 00000000 FLAT	Length= 00000000 External STDCALL
FileTimeToSystemTime . . . . . .	P Near	 00000000 FLAT	Length= 00000000 External STDCALL
FlushConsoleInputBuffer  . . . .	P Near	 00000000 FLAT	Length= 00000000 External STDCALL
FormatMessageA . . . . . . . . .	P Near	 00000000 FLAT	Length= 00000000 External STDCALL
GenRandomBoard . . . . . . . . .	P Near	 00000199 _TEXT	Length= 00000064 Public STDCALL
  L1 . . . . . . . . . . . . . .	L Near	 0000019E _TEXT	
  L2 . . . . . . . . . . . . . .	L Near	 000001A9 _TEXT	
GetBottomCenter  . . . . . . . .	P Near	 0000015B _TEXT	Length= 00000007 Public STDCALL
GetBottomLeft  . . . . . . . . .	P Near	 00000151 _TEXT	Length= 0000000A Public STDCALL
  L1 . . . . . . . . . . . . . .	L Near	 0000015A _TEXT	
GetBottomRight . . . . . . . . .	P Near	 00000162 _TEXT	Length= 00000008 Public STDCALL
GetCommandLineA  . . . . . . . .	P Near	 00000000 FLAT	Length= 00000000 External STDCALL
GetCommandTail . . . . . . . . .	P Near	 00000000 FLAT	Length= 00000000 External STDCALL
GetConsoleCP . . . . . . . . . .	P Near	 00000000 FLAT	Length= 00000000 External STDCALL
GetConsoleCursorInfo . . . . . .	P Near	 00000000 FLAT	Length= 00000000 External STDCALL
GetConsoleMode . . . . . . . . .	P Near	 00000000 FLAT	Length= 00000000 External STDCALL
GetConsoleScreenBufferInfo . . .	P Near	 00000000 FLAT	Length= 00000000 External STDCALL
GetDateTime  . . . . . . . . . .	P Near	 00000000 FLAT	Length= 00000000 External STDCALL
GetFileTime  . . . . . . . . . .	P Near	 00000000 FLAT	Length= 00000000 External STDCALL
GetKeyState  . . . . . . . . . .	P Near	 00000000 FLAT	Length= 00000000 External STDCALL
GetLastError . . . . . . . . . .	P Near	 00000000 FLAT	Length= 00000000 External STDCALL
GetLeft  . . . . . . . . . . . .	P Near	 0000016A _TEXT	Length= 00000009 Public STDCALL
  L1 . . . . . . . . . . . . . .	L Near	 00000172 _TEXT	
GetLocalTime . . . . . . . . . .	P Near	 00000000 FLAT	Length= 00000000 External STDCALL
GetMaxXY . . . . . . . . . . . .	P Near	 00000000 FLAT	Length= 00000000 External STDCALL
GetMseconds  . . . . . . . . . .	P Near	 00000000 FLAT	Length= 00000000 External STDCALL
GetNumberOfConsoleInputEvents  .	P Near	 00000000 FLAT	Length= 00000000 External STDCALL
GetProcessHeap . . . . . . . . .	P Near	 00000000 FLAT	Length= 00000000 External STDCALL
GetRight . . . . . . . . . . . .	P Near	 00000173 _TEXT	Length= 00000007 Public STDCALL
GetStdHandle . . . . . . . . . .	P Near	 00000000 FLAT	Length= 00000000 External STDCALL
GetSystemTime  . . . . . . . . .	P Near	 00000000 FLAT	Length= 00000000 External STDCALL
GetTextColor . . . . . . . . . .	P Near	 00000000 FLAT	Length= 00000000 External STDCALL
GetTickCount . . . . . . . . . .	P Near	 00000000 FLAT	Length= 00000000 External STDCALL
GetTopCenter . . . . . . . . . .	P Near	 00000186 _TEXT	Length= 00000009 Public STDCALL
  L1 . . . . . . . . . . . . . .	L Near	 0000018E _TEXT	
GetTopLeft . . . . . . . . . . .	P Near	 0000017A _TEXT	Length= 0000000C Public STDCALL
  L1 . . . . . . . . . . . . . .	L Near	 00000185 _TEXT	
GetTopRight  . . . . . . . . . .	P Near	 0000018F _TEXT	Length= 0000000A Public STDCALL
  L1 . . . . . . . . . . . . . .	L Near	 00000198 _TEXT	
GetValueAtCoords . . . . . . . .	P Near	 000002A2 _TEXT	Length= 0000002D Public STDCALL
Gotoxy . . . . . . . . . . . . .	P Near	 00000000 FLAT	Length= 00000000 External STDCALL
HeapAlloc  . . . . . . . . . . .	P Near	 00000000 FLAT	Length= 00000000 External STDCALL
HeapCreate . . . . . . . . . . .	P Near	 00000000 FLAT	Length= 00000000 External STDCALL
HeapDestroy  . . . . . . . . . .	P Near	 00000000 FLAT	Length= 00000000 External STDCALL
HeapFree . . . . . . . . . . . .	P Near	 00000000 FLAT	Length= 00000000 External STDCALL
HeapSize . . . . . . . . . . . .	P Near	 00000000 FLAT	Length= 00000000 External STDCALL
IncrementGeneration  . . . . . .	P Near	 00000273 _TEXT	Length= 0000002F Public STDCALL
InvertValueAtCoords  . . . . . .	P Near	 000002CF _TEXT	Length= 00000040 Public STDCALL
IsDigit  . . . . . . . . . . . .	P Near	 00000000 FLAT	Length= 00000000 External STDCALL
LocalFree  . . . . . . . . . . .	P Near	 00000000 FLAT	Length= 00000000 External STDCALL
MessageBoxA  . . . . . . . . . .	P Near	 00000000 FLAT	Length= 00000000 External STDCALL
MsgBoxAsk  . . . . . . . . . . .	P Near	 00000000 FLAT	Length= 00000000 External STDCALL
MsgBox . . . . . . . . . . . . .	P Near	 00000000 FLAT	Length= 00000000 External STDCALL
OpenInputFile  . . . . . . . . .	P Near	 00000000 FLAT	Length= 00000000 External STDCALL
ParseDecimal32 . . . . . . . . .	P Near	 00000000 FLAT	Length= 00000000 External STDCALL
ParseInteger32 . . . . . . . . .	P Near	 00000000 FLAT	Length= 00000000 External STDCALL
PeekConsoleInputA  . . . . . . .	P Near	 00000000 FLAT	Length= 00000000 External STDCALL
Random32 . . . . . . . . . . . .	P Near	 00000000 FLAT	Length= 00000000 External STDCALL
RandomRange  . . . . . . . . . .	P Near	 00000000 FLAT	Length= 00000000 External STDCALL
Randomize  . . . . . . . . . . .	P Near	 00000000 FLAT	Length= 00000000 External STDCALL
ReadChar . . . . . . . . . . . .	P Near	 00000000 FLAT	Length= 00000000 External STDCALL
ReadConsoleA . . . . . . . . . .	P Near	 00000000 FLAT	Length= 00000000 External STDCALL
ReadConsoleInputA  . . . . . . .	P Near	 00000000 FLAT	Length= 00000000 External STDCALL
ReadDec  . . . . . . . . . . . .	P Near	 00000000 FLAT	Length= 00000000 External STDCALL
ReadFile . . . . . . . . . . . .	P Near	 00000000 FLAT	Length= 00000000 External STDCALL
ReadFloat  . . . . . . . . . . .	P Near	 00000000 FLAT	Length= 00000000 External STDCALL
ReadFromFile . . . . . . . . . .	P Near	 00000000 FLAT	Length= 00000000 External STDCALL
ReadHex  . . . . . . . . . . . .	P Near	 00000000 FLAT	Length= 00000000 External STDCALL
ReadInt  . . . . . . . . . . . .	P Near	 00000000 FLAT	Length= 00000000 External STDCALL
ReadKeyFlush . . . . . . . . . .	P Near	 00000000 FLAT	Length= 00000000 External STDCALL
ReadKey  . . . . . . . . . . . .	P Near	 00000000 FLAT	Length= 00000000 External STDCALL
ReadString . . . . . . . . . . .	P Near	 00000000 FLAT	Length= 00000000 External STDCALL
SetConsoleCursorInfo . . . . . .	P Near	 00000000 FLAT	Length= 00000000 External STDCALL
SetConsoleCursorPosition . . . .	P Near	 00000000 FLAT	Length= 00000000 External STDCALL
SetConsoleMode . . . . . . . . .	P Near	 00000000 FLAT	Length= 00000000 External STDCALL
SetConsoleScreenBufferSize . . .	P Near	 00000000 FLAT	Length= 00000000 External STDCALL
SetConsoleTextAttribute  . . . .	P Near	 00000000 FLAT	Length= 00000000 External STDCALL
SetConsoleTitleA . . . . . . . .	P Near	 00000000 FLAT	Length= 00000000 External STDCALL
SetConsoleWindowInfo . . . . . .	P Near	 00000000 FLAT	Length= 00000000 External STDCALL
SetFilePointer . . . . . . . . .	P Near	 00000000 FLAT	Length= 00000000 External STDCALL
SetLocalTime . . . . . . . . . .	P Near	 00000000 FLAT	Length= 00000000 External STDCALL
SetTextColor . . . . . . . . . .	P Near	 00000000 FLAT	Length= 00000000 External STDCALL
ShowFPUStack . . . . . . . . . .	P Near	 00000000 FLAT	Length= 00000000 External STDCALL
Sleep  . . . . . . . . . . . . .	P Near	 00000000 FLAT	Length= 00000000 External STDCALL
StrLength  . . . . . . . . . . .	P Near	 00000000 FLAT	Length= 00000000 External STDCALL
Str_compare  . . . . . . . . . .	P Near	 00000000 FLAT	Length= 00000000 External STDCALL
Str_copy . . . . . . . . . . . .	P Near	 00000000 FLAT	Length= 00000000 External STDCALL
Str_length . . . . . . . . . . .	P Near	 00000000 FLAT	Length= 00000000 External STDCALL
Str_trim . . . . . . . . . . . .	P Near	 00000000 FLAT	Length= 00000000 External STDCALL
Str_ucase  . . . . . . . . . . .	P Near	 00000000 FLAT	Length= 00000000 External STDCALL
SystemTimeToFileTime . . . . . .	P Near	 00000000 FLAT	Length= 00000000 External STDCALL
WaitMsg  . . . . . . . . . . . .	P Near	 00000000 FLAT	Length= 00000000 External STDCALL
WriteBinB  . . . . . . . . . . .	P Near	 00000000 FLAT	Length= 00000000 External STDCALL
WriteBin . . . . . . . . . . . .	P Near	 00000000 FLAT	Length= 00000000 External STDCALL
WriteChar  . . . . . . . . . . .	P Near	 00000000 FLAT	Length= 00000000 External STDCALL
WriteConsoleA  . . . . . . . . .	P Near	 00000000 FLAT	Length= 00000000 External STDCALL
WriteConsoleOutputAttribute  . .	P Near	 00000000 FLAT	Length= 00000000 External STDCALL
WriteConsoleOutputCharacterA . .	P Near	 00000000 FLAT	Length= 00000000 External STDCALL
WriteDec . . . . . . . . . . . .	P Near	 00000000 FLAT	Length= 00000000 External STDCALL
WriteFile  . . . . . . . . . . .	P Near	 00000000 FLAT	Length= 00000000 External STDCALL
WriteFloat . . . . . . . . . . .	P Near	 00000000 FLAT	Length= 00000000 External STDCALL
WriteHexB  . . . . . . . . . . .	P Near	 00000000 FLAT	Length= 00000000 External STDCALL
WriteHex . . . . . . . . . . . .	P Near	 00000000 FLAT	Length= 00000000 External STDCALL
WriteInt . . . . . . . . . . . .	P Near	 00000000 FLAT	Length= 00000000 External STDCALL
WriteStackFrameName  . . . . . .	P Near	 00000000 FLAT	Length= 00000000 External STDCALL
WriteStackFrame  . . . . . . . .	P Near	 00000000 FLAT	Length= 00000000 External STDCALL
WriteString  . . . . . . . . . .	P Near	 00000000 FLAT	Length= 00000000 External STDCALL
WriteToFile  . . . . . . . . . .	P Near	 00000000 FLAT	Length= 00000000 External STDCALL
WriteWindowsMsg  . . . . . . . .	P Near	 00000000 FLAT	Length= 00000000 External STDCALL
main . . . . . . . . . . . . . .	P Near	 0000030F _TEXT	Length= 0000002F Public STDCALL
printf . . . . . . . . . . . . .	P Near	 00000000 FLAT	Length= 00000000 External C
scanf  . . . . . . . . . . . . .	P Near	 00000000 FLAT	Length= 00000000 External C
wsprintfA  . . . . . . . . . . .	P Near	 00000000 FLAT	Length= 00000000 External C


Symbols:

                N a m e                 Type     Value    Attr

@CodeSize  . . . . . . . . . . .	Number	 00000000h   
@DataSize  . . . . . . . . . . .	Number	 00000000h   
@Interface . . . . . . . . . . .	Number	 00000003h   
@Model . . . . . . . . . . . . .	Number	 00000007h   
@code  . . . . . . . . . . . . .	Text   	 _TEXT
@data  . . . . . . . . . . . . .	Text   	 FLAT
@fardata?  . . . . . . . . . . .	Text   	 FLAT
@fardata . . . . . . . . . . . .	Text   	 FLAT
@stack . . . . . . . . . . . . .	Text   	 FLAT
ALT_MASK . . . . . . . . . . . .	Number	 00000003h   
CAPSLOCK_ON  . . . . . . . . . .	Number	 00000080h   
CREATE_ALWAYS  . . . . . . . . .	Number	 00000002h   
CREATE_NEW . . . . . . . . . . .	Number	 00000001h   
CTRL_MASK  . . . . . . . . . . .	Number	 0000000Ch   
CreateFile . . . . . . . . . . .	Text   	 CreateFileA
DO_NOT_SHARE . . . . . . . . . .	Number	 00000000h   
ENABLE_ECHO_INPUT  . . . . . . .	Number	 00000004h   
ENABLE_LINE_INPUT  . . . . . . .	Number	 00000002h   
ENABLE_MOUSE_INPUT . . . . . . .	Number	 00000010h   
ENABLE_PROCESSED_INPUT . . . . .	Number	 00000001h   
ENABLE_PROCESSED_OUTPUT  . . . .	Number	 00000001h   
ENABLE_WINDOW_INPUT  . . . . . .	Number	 00000008h   
ENABLE_WRAP_AT_EOL_OUTPUT  . . .	Number	 00000002h   
ENHANCED_KEY . . . . . . . . . .	Number	 00000100h   
FALSE  . . . . . . . . . . . . .	Number	 00000000h   
FILE_APPEND_DATA . . . . . . . .	Number	 00000004h   
FILE_ATTRIBUTE_ARCHIVE . . . . .	Number	 00000020h   
FILE_ATTRIBUTE_COMPRESSED  . . .	Number	 00000800h   
FILE_ATTRIBUTE_DEVICE  . . . . .	Number	 00000040h   
FILE_ATTRIBUTE_DIRECTORY . . . .	Number	 00000010h   
FILE_ATTRIBUTE_ENCRYPTED . . . .	Number	 00004000h   
FILE_ATTRIBUTE_HIDDEN  . . . . .	Number	 00000002h   
FILE_ATTRIBUTE_NORMAL  . . . . .	Number	 00000080h   
FILE_ATTRIBUTE_NOT_CONTENT_INDEXED .	Number	 00002000h   
FILE_ATTRIBUTE_OFFLINE . . . . .	Number	 00001000h   
FILE_ATTRIBUTE_READONLY  . . . .	Number	 00000001h   
FILE_ATTRIBUTE_REPARSE_POINT . .	Number	 00000400h   
FILE_ATTRIBUTE_SPARSE_FILE . . .	Number	 00000200h   
FILE_ATTRIBUTE_SYSTEM  . . . . .	Number	 00000004h   
FILE_ATTRIBUTE_TEMPORARY . . . .	Number	 00000100h   
FILE_BEGIN . . . . . . . . . . .	Number	 00000000h   
FILE_CURRENT . . . . . . . . . .	Number	 00000001h   
FILE_DELETE_CHILD  . . . . . . .	Number	 00000040h   
FILE_END . . . . . . . . . . . .	Number	 00000002h   
FILE_READ_DATA . . . . . . . . .	Number	 00000001h   
FILE_SHARE_DELETE  . . . . . . .	Number	 00000004h   
FILE_SHARE_READ  . . . . . . . .	Number	 00000001h   
FILE_SHARE_WRITE . . . . . . . .	Number	 00000002h   
FILE_WRITE_DATA  . . . . . . . .	Number	 00000002h   
FOCUS_EVENT  . . . . . . . . . .	Number	 00000010h   
FORMAT_MESSAGE_ALLOCATE_BUFFER .	Number	 00000100h   
FORMAT_MESSAGE_FROM_SYSTEM . . .	Number	 00001000h   
FormatMessage  . . . . . . . . .	Text   	 FormatMessageA
GENERIC_ALL  . . . . . . . . . .	Number	 10000000h   
GENERIC_EXECUTE  . . . . . . . .	Number	 20000000h   
GENERIC_READ . . . . . . . . . .	Number	 -80000000h   
GENERIC_WRITE  . . . . . . . . .	Number	 40000000h   
GameBoard  . . . . . . . . . . .	Byte	 0000000E _DATA	
GetCommandLine . . . . . . . . .	Text   	 GetCommandLineA
HANDLE . . . . . . . . . . . . .	Text   	 DWORD
HEAP_GENERATE_EXCEPTIONS . . . .	Number	 00000004h   
HEAP_GROWABLE  . . . . . . . . .	Number	 00000002h   
HEAP_NO_SERIALIZE  . . . . . . .	Number	 00000001h   
HEAP_REALLOC_IN_PLACE_ONLY . . .	Number	 00000010h   
HEAP_ZERO_MEMORY . . . . . . . .	Number	 00000008h   
IDABORT  . . . . . . . . . . . .	Number	 00000003h   
IDCANCEL . . . . . . . . . . . .	Number	 00000002h   
IDCLOSE  . . . . . . . . . . . .	Number	 00000008h   
IDCONTINUE . . . . . . . . . . .	Number	 0000000Bh   
IDHELP . . . . . . . . . . . . .	Number	 00000009h   
IDIGNORE . . . . . . . . . . . .	Number	 00000005h   
IDNO . . . . . . . . . . . . . .	Number	 00000007h   
IDOK . . . . . . . . . . . . . .	Number	 00000001h   
IDRETRY  . . . . . . . . . . . .	Number	 00000004h   
IDTIMEOUT  . . . . . . . . . . .	Number	 00007D00h   
IDTRYAGAIN . . . . . . . . . . .	Number	 0000000Ah   
IDYES  . . . . . . . . . . . . .	Number	 00000006h   
INVALID_HANDLE_VALUE . . . . . .	Number	 -00000001h   
KBDOWN_FLAG  . . . . . . . . . .	Number	 00000001h   
KEY_EVENT  . . . . . . . . . . .	Number	 00000001h   
KEY_MASKS  . . . . . . . . . . .	Number	 0000001Fh   
LEFT_ALT_PRESSED . . . . . . . .	Number	 00000002h   
LEFT_CTRL_PRESSED  . . . . . . .	Number	 00000008h   
MB_ABORTRETRYIGNORE  . . . . . .	Number	 00000002h   
MB_APPLMODAL . . . . . . . . . .	Number	 00000000h   
MB_CANCELTRYCONTINUE . . . . . .	Number	 00000006h   
MB_DEFBUTTON1  . . . . . . . . .	Number	 00000000h   
MB_DEFBUTTON2  . . . . . . . . .	Number	 00000100h   
MB_DEFBUTTON3  . . . . . . . . .	Number	 00000200h   
MB_DEFBUTTON4  . . . . . . . . .	Number	 00000300h   
MB_HELP  . . . . . . . . . . . .	Number	 00004000h   
MB_ICONASTERISK  . . . . . . . .	Number	 00000040h   
MB_ICONERROR . . . . . . . . . .	Number	 00000010h   
MB_ICONEXCLAMATION . . . . . . .	Number	 00000030h   
MB_ICONHAND  . . . . . . . . . .	Number	 00000010h   
MB_ICONINFORMATION . . . . . . .	Number	 00000040h   
MB_ICONQUESTION  . . . . . . . .	Number	 00000020h   
MB_ICONSTOP  . . . . . . . . . .	Number	 00000010h   
MB_ICONWARNING . . . . . . . . .	Number	 00000030h   
MB_OKCANCEL  . . . . . . . . . .	Number	 00000001h   
MB_OK  . . . . . . . . . . . . .	Number	 00000000h   
MB_RETRYCANCEL . . . . . . . . .	Number	 00000005h   
MB_SYSTEMMODAL . . . . . . . . .	Number	 00001000h   
MB_TASKMODAL . . . . . . . . . .	Number	 00002000h   
MB_USERICON  . . . . . . . . . .	Number	 00000080h   
MB_YESNOCANCEL . . . . . . . . .	Number	 00000003h   
MB_YESNO . . . . . . . . . . . .	Number	 00000004h   
MENU_EVENT . . . . . . . . . . .	Number	 00000008h   
MOUSE_EVENT  . . . . . . . . . .	Number	 00000002h   
MessageBox . . . . . . . . . . .	Text   	 MessageBoxA
NULL . . . . . . . . . . . . . .	Number	 00000000h   
NUMLOCK_ON . . . . . . . . . . .	Number	 00000020h   
OPEN_ALWAYS  . . . . . . . . . .	Number	 00000004h   
OPEN_EXISTING  . . . . . . . . .	Number	 00000003h   
PeekConsoleInput . . . . . . . .	Text   	 PeekConsoleInputA
RIGHT_ALT_PRESSED  . . . . . . .	Number	 00000001h   
RIGHT_CTRL_PRESSED . . . . . . .	Number	 00000004h   
ReadConsoleInput . . . . . . . .	Text   	 ReadConsoleInputA
ReadConsole  . . . . . . . . . .	Text   	 ReadConsoleA
Rowsize  . . . . . . . . . . . .	Number	 00000014h   
SCROLLLOCK_ON  . . . . . . . . .	Number	 00000040h   
SHIFT_MASK . . . . . . . . . . .	Number	 00000010h   
SHIFT_PRESSED  . . . . . . . . .	Number	 00000010h   
STD_ERROR_HANDLE . . . . . . . .	Number	 -0000000Ch   
STD_INPUT_HANDLE . . . . . . . .	Number	 -0000000Ah   
STD_OUTPUT_HANDLE  . . . . . . .	Number	 -0000000Bh   
SetConsoleTitle  . . . . . . . .	Text   	 SetConsoleTitleA
TAB  . . . . . . . . . . . . . .	Number	 00000009h   
TRUE . . . . . . . . . . . . . .	Number	 00000001h   
TRUNCATE_EXISTING  . . . . . . .	Number	 00000005h   
VK_11  . . . . . . . . . . . . .	Number	 000000BDh   
VK_12  . . . . . . . . . . . . .	Number	 000000BBh   
VK_ADD . . . . . . . . . . . . .	Number	 0000006Bh   
VK_BACK  . . . . . . . . . . . .	Number	 00000008h   
VK_CANCEL  . . . . . . . . . . .	Number	 00000003h   
VK_CAPITAL . . . . . . . . . . .	Number	 00000014h   
VK_CLEAR . . . . . . . . . . . .	Number	 0000000Ch   
VK_CONTROL . . . . . . . . . . .	Number	 00000011h   
VK_DECIMAL . . . . . . . . . . .	Number	 0000006Eh   
VK_DELETE  . . . . . . . . . . .	Number	 0000002Eh   
VK_DIVIDE  . . . . . . . . . . .	Number	 0000006Fh   
VK_DOWN  . . . . . . . . . . . .	Number	 00000028h   
VK_END . . . . . . . . . . . . .	Number	 00000023h   
VK_ESCAPE  . . . . . . . . . . .	Number	 0000001Bh   
VK_EXECUTE . . . . . . . . . . .	Number	 0000002Bh   
VK_F10 . . . . . . . . . . . . .	Number	 00000079h   
VK_F11 . . . . . . . . . . . . .	Number	 0000007Ah   
VK_F12 . . . . . . . . . . . . .	Number	 0000007Bh   
VK_F13 . . . . . . . . . . . . .	Number	 0000007Ch   
VK_F14 . . . . . . . . . . . . .	Number	 0000007Dh   
VK_F15 . . . . . . . . . . . . .	Number	 0000007Eh   
VK_F16 . . . . . . . . . . . . .	Number	 0000007Fh   
VK_F17 . . . . . . . . . . . . .	Number	 00000080h   
VK_F18 . . . . . . . . . . . . .	Number	 00000081h   
VK_F19 . . . . . . . . . . . . .	Number	 00000082h   
VK_F1  . . . . . . . . . . . . .	Number	 00000070h   
VK_F20 . . . . . . . . . . . . .	Number	 00000083h   
VK_F21 . . . . . . . . . . . . .	Number	 00000084h   
VK_F22 . . . . . . . . . . . . .	Number	 00000085h   
VK_F23 . . . . . . . . . . . . .	Number	 00000086h   
VK_F24 . . . . . . . . . . . . .	Number	 00000087h   
VK_F2  . . . . . . . . . . . . .	Number	 00000071h   
VK_F3  . . . . . . . . . . . . .	Number	 00000072h   
VK_F4  . . . . . . . . . . . . .	Number	 00000073h   
VK_F5  . . . . . . . . . . . . .	Number	 00000074h   
VK_F6  . . . . . . . . . . . . .	Number	 00000075h   
VK_F7  . . . . . . . . . . . . .	Number	 00000076h   
VK_F8  . . . . . . . . . . . . .	Number	 00000077h   
VK_F9  . . . . . . . . . . . . .	Number	 00000078h   
VK_HELP  . . . . . . . . . . . .	Number	 0000002Fh   
VK_HOME  . . . . . . . . . . . .	Number	 00000024h   
VK_INSERT  . . . . . . . . . . .	Number	 0000002Dh   
VK_LBUTTON . . . . . . . . . . .	Number	 00000001h   
VK_LCONTROL  . . . . . . . . . .	Number	 000000A2h   
VK_LEFT  . . . . . . . . . . . .	Number	 00000025h   
VK_LMENU . . . . . . . . . . . .	Number	 000000A4h   
VK_LSHIFT  . . . . . . . . . . .	Number	 000000A0h   
VK_MENU  . . . . . . . . . . . .	Number	 00000012h   
VK_MULTIPLY  . . . . . . . . . .	Number	 0000006Ah   
VK_NEXT  . . . . . . . . . . . .	Number	 00000022h   
VK_NUMLOCK . . . . . . . . . . .	Number	 00000090h   
VK_NUMPAD0 . . . . . . . . . . .	Number	 00000060h   
VK_NUMPAD1 . . . . . . . . . . .	Number	 00000061h   
VK_NUMPAD2 . . . . . . . . . . .	Number	 00000062h   
VK_NUMPAD3 . . . . . . . . . . .	Number	 00000063h   
VK_NUMPAD4 . . . . . . . . . . .	Number	 00000064h   
VK_NUMPAD5 . . . . . . . . . . .	Number	 00000065h   
VK_NUMPAD6 . . . . . . . . . . .	Number	 00000066h   
VK_NUMPAD7 . . . . . . . . . . .	Number	 00000067h   
VK_NUMPAD8 . . . . . . . . . . .	Number	 00000068h   
VK_NUMPAD9 . . . . . . . . . . .	Number	 00000069h   
VK_PAUSE . . . . . . . . . . . .	Number	 00000013h   
VK_PRINT . . . . . . . . . . . .	Number	 0000002Ah   
VK_PRIOR . . . . . . . . . . . .	Number	 00000021h   
VK_RBUTTON . . . . . . . . . . .	Number	 00000002h   
VK_RCONTROL  . . . . . . . . . .	Number	 000000A3h   
VK_RETURN  . . . . . . . . . . .	Number	 0000000Dh   
VK_RIGHT . . . . . . . . . . . .	Number	 00000027h   
VK_RMENU . . . . . . . . . . . .	Number	 000000A5h   
VK_RSHIFT  . . . . . . . . . . .	Number	 000000A1h   
VK_SCROLL  . . . . . . . . . . .	Number	 00000091h   
VK_SEPARATER . . . . . . . . . .	Number	 0000006Ch   
VK_SHIFT . . . . . . . . . . . .	Number	 00000010h   
VK_SNAPSHOT  . . . . . . . . . .	Number	 0000002Ch   
VK_SPACE . . . . . . . . . . . .	Number	 00000020h   
VK_SUBTRACT  . . . . . . . . . .	Number	 0000006Dh   
VK_TAB . . . . . . . . . . . . .	Number	 00000009h   
VK_UP  . . . . . . . . . . . . .	Number	 00000026h   
WINDOW_BUFFER_SIZE_EVENT . . . .	Number	 00000004h   
WriteConsoleOutputCharacter  . .	Text   	 WriteConsoleOutputCharacterA
WriteConsole . . . . . . . . . .	Text   	 WriteConsoleA
black  . . . . . . . . . . . . .	Number	 00000000h   
blue . . . . . . . . . . . . . .	Number	 00000001h   
brown  . . . . . . . . . . . . .	Number	 00000006h   
cellState  . . . . . . . . . . .	Byte	 0000019E _DATA	
count3 . . . . . . . . . . . . .	DWord	 000001C0 _DATA	
count4 . . . . . . . . . . . . .	DWord	 000001A7 _DATA	
count  . . . . . . . . . . . . .	DWord	 000001D0 _DATA	
cyan . . . . . . . . . . . . . .	Number	 00000003h   
exit . . . . . . . . . . . . . .	Text   	 INVOKE ExitProcess,0
genCount . . . . . . . . . . . .	Byte	 0000000D _DATA	
genMsg . . . . . . . . . . . . .	Byte	 00000000 _DATA	
gray . . . . . . . . . . . . . .	Number	 00000008h   
green  . . . . . . . . . . . . .	Number	 00000002h   
lightBlue  . . . . . . . . . . .	Number	 00000009h   
lightCyan  . . . . . . . . . . .	Number	 0000000Bh   
lightGray  . . . . . . . . . . .	Number	 00000007h   
lightGreen . . . . . . . . . . .	Number	 0000000Ah   
lightMagenta . . . . . . . . . .	Number	 0000000Dh   
lightRed . . . . . . . . . . . .	Number	 0000000Ch   
liveCount2 . . . . . . . . . . .	DWord	 000001AB _DATA	
liveCount  . . . . . . . . . . .	Byte	 000001AF _DATA	
magenta  . . . . . . . . . . . .	Number	 00000005h   
originalX  . . . . . . . . . . .	DWord	 000001B0 _DATA	
originalY  . . . . . . . . . . .	DWord	 000001B4 _DATA	
randVal  . . . . . . . . . . . .	DWord	 000001C4 _DATA	
red  . . . . . . . . . . . . . .	Number	 00000004h   
temp . . . . . . . . . . . . . .	Byte	 000001D4 _DATA	
white  . . . . . . . . . . . . .	Number	 0000000Fh   
wsprintf . . . . . . . . . . . .	Text   	 wsprintfA
xCoord3  . . . . . . . . . . . .	DWord	 000001BC _DATA	
xCoord4  . . . . . . . . . . . .	DWord	 000001A3 _DATA	
xCoord . . . . . . . . . . . . .	DWord	 000001CC _DATA	
xIndex2  . . . . . . . . . . . .	DWord	 000001E1 _DATA	
xIndex . . . . . . . . . . . . .	DWord	 000001D9 _DATA	
yCoord3  . . . . . . . . . . . .	DWord	 000001B8 _DATA	
yCoord4  . . . . . . . . . . . .	DWord	 0000019F _DATA	
yCoord . . . . . . . . . . . . .	DWord	 000001C8 _DATA	
yIndex2  . . . . . . . . . . . .	DWord	 000001DD _DATA	
yIndex . . . . . . . . . . . . .	DWord	 000001D5 _DATA	
yellow . . . . . . . . . . . . .	Number	 0000000Eh   

	   1 Warnings
	   0 Errors
